[debug] [2026-05-19T19:33:08.594Z] ----------------------------------------------------------------------
[debug] [2026-05-19T19:33:08.596Z] Command:       /opt/homebrew/Cellar/node/25.2.1/bin/node /opt/homebrew/bin/firebase projects:list
[debug] [2026-05-19T19:33:08.596Z] CLI Version:   15.18.0
[debug] [2026-05-19T19:33:08.596Z] Platform:      darwin
[debug] [2026-05-19T19:33:08.596Z] Node Version:  v25.2.1
[debug] [2026-05-19T19:33:08.596Z] Time:          Tue May 19 2026 22:33:08 GMT+0300 (Türkiye Standard Time)
[debug] [2026-05-19T19:33:08.596Z] ----------------------------------------------------------------------
[debug] 
[debug] [2026-05-19T19:33:08.598Z] > command requires scopes: ["email","openid","https://www.googleapis.com/auth/cloudplatformprojects.readonly","https://www.googleapis.com/auth/firebase","https://www.googleapis.com/auth/cloud-platform"]
[debug] [2026-05-19T19:33:08.599Z] > authorizing via signed-in user (furkanuyanik37@gmail.com)
[debug] [2026-05-19T19:33:08.600Z] Checked if tokens are valid: false, expires at: 1664293980468
[debug] [2026-05-19T19:33:08.600Z] Checked if tokens are valid: false, expires at: 1664293980468
[debug] [2026-05-19T19:33:08.600Z] > refreshing access token with scopes: []
[debug] [2026-05-19T19:33:08.601Z] >>> [apiv2][query] POST https://www.googleapis.com/oauth2/v3/token [none]
[debug] [2026-05-19T19:33:08.601Z] >>> [apiv2][body] POST https://www.googleapis.com/oauth2/v3/token [omitted]
[debug] [2026-05-19T19:33:08.750Z] <<< [apiv2][status] POST https://www.googleapis.com/oauth2/v3/token 400
[debug] [2026-05-19T19:33:08.750Z] <<< [apiv2][body] POST https://www.googleapis.com/oauth2/v3/token [omitted]
[debug] [2026-05-19T19:33:08.750Z] >>> [apiv2][query] GET https://firebase.googleapis.com/v1beta1/projects pageSize=1000
[debug] [2026-05-19T19:33:08.886Z] <<< [apiv2][status] GET https://firebase.googleapis.com/v1beta1/projects 401
[debug] [2026-05-19T19:33:08.886Z] <<< [apiv2][body] GET https://firebase.googleapis.com/v1beta1/projects [omitted]
[debug] [2026-05-19T19:33:08.886Z] Got a 401 Unauthenticated error for a call that required authentication. Refreshing tokens.
[debug] [2026-05-19T19:33:08.886Z] Checked if tokens are valid: false, expires at: 1664293980468
[debug] [2026-05-19T19:33:08.887Z] Checked if tokens are valid: false, expires at: 1664293980468
[debug] [2026-05-19T19:33:08.887Z] > refreshing access token with scopes: []
[debug] [2026-05-19T19:33:08.887Z] >>> [apiv2][query] POST https://www.googleapis.com/oauth2/v3/token [none]
[debug] [2026-05-19T19:33:08.887Z] >>> [apiv2][body] POST https://www.googleapis.com/oauth2/v3/token [omitted]
[debug] [2026-05-19T19:33:08.946Z] <<< [apiv2][status] POST https://www.googleapis.com/oauth2/v3/token 400
[debug] [2026-05-19T19:33:08.946Z] <<< [apiv2][body] POST https://www.googleapis.com/oauth2/v3/token [omitted]
[debug] [2026-05-19T19:33:08.946Z] Request to https://firebase.googleapis.com/v1beta1/projects?pageSize=1000 had HTTP Error: 401, Request had invalid authentication credentials. Expected OAuth 2 access token, login cookie or other valid authentication credential. See https://developers.google.com/identity/sign-in/web/devconsole-project.
[debug] [2026-05-19T19:33:09.161Z] FirebaseError: Request to https://firebase.googleapis.com/v1beta1/projects?pageSize=1000 had HTTP Error: 401, Request had invalid authentication credentials. Expected OAuth 2 access token, login cookie or other valid authentication credential. See https://developers.google.com/identity/sign-in/web/devconsole-project.
    at responseToError (/opt/homebrew/lib/node_modules/firebase-tools/lib/responseToError.js:53:12)
    at RetryOperation._fn (/opt/homebrew/lib/node_modules/firebase-tools/lib/apiv2.js:333:77)
    at process.processTicksAndRejections (node:internal/process/task_queues:103:5)
[error] 
[error] Error: Failed to list Firebase projects. See firebase-debug.log for more info.
